build/outputs/logs/manifest-merger-debug-report.txt
-- Merging decision tree log ---
manifest
ADDED from androidstudioprojects\textshaomian\AndroidManifest.xml:2:1-54:12
	package
		ADDED from androidstudioprojects\textshaomian\AndroidManifest.xml:3:5-39
	android:versionName
		ADDED from androidstudioprojects\textshaomian\AndroidManifest.xml:5:5-30
	android:versionCode
		ADDED from androidstudioprojects\textshaomian\AndroidManifest.xml:4:5-28
		INJECTED from androidstudioprojects\textshaomian\AndroidManifest.xml
		INJECTED from androidstudioprojects\textshaomian\AndroidManifest.xml
	xmlns:android
		ADDED from androidstudioprojects\textshaomian\AndroidManifest.xml:2:11-69
uses-sdk
ADDED from androidstudioprojects\textshaomian\AndroidManifest.xml:7:5-9:41
	android:targetSdkVersion
		ADDED from androidstudioprojects\textshaomian\AndroidManifest.xml:9:9-38
	android:minSdkVersion
		ADDED from androidstudioprojects\textshaomian\AndroidManifest.xml:8:9-35
uses-permission#android.permission.WAKE_LOCK
ADDED from androidstudioprojects\textshaomian\AndroidManifest.xml:11:5-68
	android:name
		ADDED from androidstudioprojects\textshaomian\AndroidManifest.xml:11:22-65
uses-permission#android.permission.DISABLE_KEYGUARD
ADDED from androidstudioprojects\textshaomian\AndroidManifest.xml:12:5-75
	android:name
		ADDED from androidstudioprojects\textshaomian\AndroidManifest.xml:12:22-72
application
ADDED from androidstudioprojects\textshaomian\AndroidManifest.xml:14:5-30:19
	android:label
		ADDED from androidstudioprojects\textshaomian\AndroidManifest.xml:17:9-41
	android:allowBackup
		ADDED from androidstudioprojects\textshaomian\AndroidManifest.xml:15:9-35
	android:icon
		ADDED from androidstudioprojects\textshaomian\AndroidManifest.xml:16:9-45
	android:theme
		ADDED from androidstudioprojects\textshaomian\AndroidManifest.xml:18:9-40
activity#com.example.textshaomian.MainActivity
ADDED from androidstudioprojects\textshaomian\AndroidManifest.xml:19:9-27:20
	android:label
		ADDED from androidstudioprojects\textshaomian\AndroidManifest.xml:21:13-45
	android:name
		ADDED from androidstudioprojects\textshaomian\AndroidManifest.xml:20:13-41
intent-filter#android.intent.action.MAIN+android.intent.category.LAUNCHER
ADDED from androidstudioprojects\textshaomian\AndroidManifest.xml:22:13-26:29
action#android.intent.action.MAIN
ADDED from androidstudioprojects\textshaomian\AndroidManifest.xml:23:17-69
	android:name
		ADDED from androidstudioprojects\textshaomian\AndroidManifest.xml:23:25-66
category#android.intent.category.LAUNCHER
ADDED from androidstudioprojects\textshaomian\AndroidManifest.xml:25:17-77
	android:name
		ADDED from androidstudioprojects\textshaomian\AndroidManifest.xml:25:27-74
service#com.example.textshaomian.ListenService
ADDED from androidstudioprojects\textshaomian\AndroidManifest.xml:29:9-74
	android:name
		ADDED from androidstudioprojects\textshaomian\AndroidManifest.xml:29:18-71
uses-permission#android.permission.ACCESS_COARSE_LOCATION
ADDED from androidstudioprojects\textshaomian\AndroidManifest.xml:32:5-33:23
	android:name
		ADDED from androidstudioprojects\textshaomian\AndroidManifest.xml:32:22-78
uses-permission#android.permission.ACCESS_FINE_LOCATION
ADDED from androidstudioprojects\textshaomian\AndroidManifest.xml:34:5-35:23
	android:name
		ADDED from androidstudioprojects\textshaomian\AndroidManifest.xml:34:22-76
uses-permission#android.permission.ACCESS_WIFI_STATE
ADDED from androidstudioprojects\textshaomian\AndroidManifest.xml:36:5-37:23
	android:name
		ADDED from androidstudioprojects\textshaomian\AndroidManifest.xml:36:22-73
uses-permission#android.permission.ACCESS_NETWORK_STATE
ADDED from androidstudioprojects\textshaomian\AndroidManifest.xml:38:5-39:23
	android:name
		ADDED from androidstudioprojects\textshaomian\AndroidManifest.xml:38:22-76
uses-permission#android.permission.CHANGE_WIFI_STATE
ADDED from androidstudioprojects\textshaomian\AndroidManifest.xml:40:5-41:23
	android:name
		ADDED from androidstudioprojects\textshaomian\AndroidManifest.xml:40:22-73
uses-permission#android.permission.READ_PHONE_STATE
ADDED from androidstudioprojects\textshaomian\AndroidManifest.xml:42:5-43:23
	android:name
		ADDED from androidstudioprojects\textshaomian\AndroidManifest.xml:42:22-72
uses-permission#android.permission.WRITE_EXTERNAL_STORAGE
ADDED from androidstudioprojects\textshaomian\AndroidManifest.xml:44:5-45:23
	android:name
		ADDED from androidstudioprojects\textshaomian\AndroidManifest.xml:44:22-78
uses-permission#android.permission.INTERNET
ADDED from androidstudioprojects\textshaomian\AndroidManifest.xml:46:5-67
	android:name
		ADDED from androidstudioprojects\textshaomian\AndroidManifest.xml:46:22-64
uses-permission#android.permission.MOUNT_UNMOUNT_FILESYSTEMS
ADDED from androidstudioprojects\textshaomian\AndroidManifest.xml:47:5-48:23
	android:name
		ADDED from androidstudioprojects\textshaomian\AndroidManifest.xml:47:22-81
uses-permission#android.permission.READ_LOGS
ADDED from androidstudioprojects\textshaomian\AndroidManifest.xml:49:5-50:23
	android:name
		ADDED from androidstudioprojects\textshaomian\AndroidManifest.xml:49:22-65
uses-permission#android.permission.VIBRATE
ADDED from androidstudioprojects\textshaomian\AndroidManifest.xml:51:5-52:23
	android:name
		ADDED from androidstudioprojects\textshaomian\AndroidManifest.xml:51:22-63